This is pdfTeX, Version 3.141592653-2.6-1.40.27 (MiKTeX 25.4) (preloaded format=pdflatex 2025.8.6)  31 MAR 2026 20:10
entering extended mode
 restricted \write18 enabled.
 %&-line parsing enabled.
**./pre_charger_architecture.tex
(pre_charger_architecture.tex
LaTeX2e <2025-06-01> patch level 1
L3 programming layer <2025-07-19>
(C:\Users\WBowl\AppData\Local\Programs\MiKTeX\tex/latex/base\article.cls
Document Class: article 2025/01/22 v1.4n Standard LaTeX document class
(C:\Users\WBowl\AppData\Local\Programs\MiKTeX\tex/latex/base\size10.clo
File: size10.clo 2025/01/22 v1.4n Standard LaTeX file (size option)
)
\c@part=\count275
\c@section=\count276
\c@subsection=\count277
\c@subsubsection=\count278
\c@paragraph=\count279
\c@subparagraph=\count280
\c@figure=\count281
\c@table=\count282
\abovecaptionskip=\skip49
\belowcaptionskip=\skip50
\bibindent=\dimen148
)
(C:\Users\WBowl\AppData\Local\Programs\MiKTeX\tex/latex/l3backend\l3backend-pdf
tex.def
File: l3backend-pdftex.def 2025-06-09 L3 backend support: PDF output (pdfTeX)
\l__color_backend_stack_int=\count283
) (pre_charger_architecture.aux)
\openout1 = `pre_charger_architecture.aux'.

LaTeX Font Info:    Checking defaults for OML/cmm/m/it on input line 3.
LaTeX Font Info:    ... okay on input line 3.
LaTeX Font Info:    Checking defaults for OMS/cmsy/m/n on input line 3.
LaTeX Font Info:    ... okay on input line 3.
LaTeX Font Info:    Checking defaults for OT1/cmr/m/n on input line 3.
LaTeX Font Info:    ... okay on input line 3.
LaTeX Font Info:    Checking defaults for T1/cmr/m/n on input line 3.
LaTeX Font Info:    ... okay on input line 3.
LaTeX Font Info:    Checking defaults for TS1/cmr/m/n on input line 3.
LaTeX Font Info:    ... okay on input line 3.
LaTeX Font Info:    Checking defaults for OMX/cmex/m/n on input line 3.
LaTeX Font Info:    ... okay on input line 3.
LaTeX Font Info:    Checking defaults for U/cmr/m/n on input line 3.
LaTeX Font Info:    ... okay on input line 3.
LaTeX Font Info:    External font `cmex10' loaded for size
(Font)              <7> on input line 12.
LaTeX Font Info:    External font `cmex10' loaded for size
(Font)              <5> on input line 12.


[1

{C:/Users/WBowl/AppData/Local/MiKTeX/fonts/map/pdftex/pdftex.map}]
! Undefined control sequence.
l.53 ...ents, Jan. 2023. [Online]. Available: \url
                                                  {https://www.ti.com/lit/ab...

? 

Underfull \hbox (badness 10000) in paragraph at lines 53--54
[]\OT1/cmr/m/it/10 Why Pre-Charge Cir-cuits are Nec-es-sary in High-Voltage Sys
-
 []


Underfull \hbox (badness 10000) in paragraph at lines 53--54
\OT1/cmr/m/it/10 tems\OT1/cmr/m/n/10 , Texas In-stru-ments, Jan. 2023. [On-line
]. Avail-able:
 []

! Undefined control sequence.
l.56 ...ents, Jan. 2023. [Online]. Available: \url
                                                  {https://www.ti.com/tool/T...

? 

Underfull \hbox (badness 6284) in paragraph at lines 56--57
[]\OT1/cmr/m/it/10 High-Voltage Solid-State Re-lay Ac-tive Pre-charge Ref-er-en
ce De-sign
 []


Underfull \hbox (badness 3815) in paragraph at lines 56--57
\OT1/cmr/m/it/10 (TIDA-050063)\OT1/cmr/m/n/10 , Texas In-stru-ments, Jan. 2023.
 [On-line]. Avail-able:
 []



[2] (pre_charger_architecture.aux)
 ***********
LaTeX2e <2025-06-01> patch level 1
L3 programming layer <2025-07-19>
 ***********
 ) 
Here is how much of TeX's memory you used:
 438 strings out of 468149
 8662 string characters out of 5431083
 434008 words of memory out of 5000000
 29118 multiletter control sequences out of 15000+600000
 627776 words of font info for 43 fonts, out of 8000000 for 9000
 1141 hyphenation exceptions out of 8191
 35i,5n,38p,245b,157s stack positions out of 10000i,1000n,20000p,200000b,200000s
<C:/Users/WBowl/AppData/Local/Programs/MiKTeX/fonts/type1/public/amsfonts/cm/
cmbx12.pfb><C:/Users/WBowl/AppData/Local/Programs/MiKTeX/fonts/type1/public/ams
fonts/cm/cmmi10.pfb><C:/Users/WBowl/AppData/Local/Programs/MiKTeX/fonts/type1/p
ublic/amsfonts/cm/cmr10.pfb><C:/Users/WBowl/AppData/Local/Programs/MiKTeX/fonts
/type1/public/amsfonts/cm/cmti10.pfb>
Output written on pre_charger_architecture.pdf (2 pages, 70118 bytes).
PDF statistics:
 29 PDF objects out of 1000 (max. 8388607)
 0 named destinations out of 1000 (max. 500000)
 1 words of extra memory for PDF output out of 10000 (max. 10000000)

